<?xml version="1.0" encoding="UTF-8"?>
<coverage generated="1771958173799" clover="3.2.0">
  <project timestamp="1771958173799" name="All files">
    <metrics statements="65" coveredstatements="65" conditionals="16" coveredconditionals="16" methods="4" coveredmethods="4" elements="85" coveredelements="85" complexity="0" loc="65" ncloc="65" packages="1" files="1" classes="1"/>
    <file name="auth.service.js" path="D:\Programming\Partt_time_Projects\StudentManagement\backend\src\services\auth.service.js">
      <metrics statements="65" coveredstatements="65" conditionals="16" coveredconditionals="16" methods="4" coveredmethods="4"/>
      <line num="1" count="1" type="stmt"/>
      <line num="2" count="1" type="stmt"/>
      <line num="3" count="1" type="stmt"/>
      <line num="4" count="1" type="stmt"/>
      <line num="5" count="1" type="stmt"/>
      <line num="6" count="1" type="cond" truecount="1" falsecount="0"/>
      <line num="7" count="4" type="stmt"/>
      <line num="8" count="4" type="cond" truecount="1" falsecount="0"/>
      <line num="9" count="1" type="stmt"/>
      <line num="10" count="1" type="cond" truecount="1" falsecount="0"/>
      <line num="11" count="3" type="stmt"/>
      <line num="12" count="3" type="stmt"/>
      <line num="13" count="3" type="stmt"/>
      <line num="14" count="3" type="stmt"/>
      <line num="15" count="3" type="stmt"/>
      <line num="16" count="3" type="stmt"/>
      <line num="17" count="3" type="stmt"/>
      <line num="18" count="3" type="cond" truecount="1" falsecount="0"/>
      <line num="19" count="1" type="stmt"/>
      <line num="20" count="1" type="stmt"/>
      <line num="21" count="4" type="cond" truecount="1" falsecount="0"/>
      <line num="22" count="2" type="stmt"/>
      <line num="23" count="2" type="cond" truecount="1" falsecount="0"/>
      <line num="24" count="1" type="stmt"/>
      <line num="25" count="1" type="stmt"/>
      <line num="26" count="1" type="stmt"/>
      <line num="27" count="4" type="cond" truecount="2" falsecount="0"/>
      <line num="28" count="3" type="stmt"/>
      <line num="29" count="3" type="cond" truecount="1" falsecount="0"/>
      <line num="30" count="1" type="stmt"/>
      <line num="31" count="1" type="stmt"/>
      <line num="32" count="1" type="stmt"/>
      <line num="33" count="1" type="stmt"/>
      <line num="34" count="1" type="cond" truecount="1" falsecount="0"/>
      <line num="35" count="3" type="stmt"/>
      <line num="36" count="3" type="stmt"/>
      <line num="37" count="3" type="cond" truecount="1" falsecount="0"/>
      <line num="38" count="1" type="stmt"/>
      <line num="39" count="1" type="cond" truecount="1" falsecount="0"/>
      <line num="40" count="2" type="stmt"/>
      <line num="41" count="2" type="stmt"/>
      <line num="42" count="2" type="stmt"/>
      <line num="43" count="2" type="stmt"/>
      <line num="44" count="3" type="cond" truecount="1" falsecount="0"/>
      <line num="45" count="1" type="stmt"/>
      <line num="46" count="1" type="stmt"/>
      <line num="47" count="1" type="stmt"/>
      <line num="48" count="1" type="stmt"/>
      <line num="49" count="1" type="stmt"/>
      <line num="50" count="1" type="stmt"/>
      <line num="51" count="1" type="stmt"/>
      <line num="52" count="1" type="cond" truecount="1" falsecount="0"/>
      <line num="53" count="2" type="stmt"/>
      <line num="54" count="2" type="cond" truecount="1" falsecount="0"/>
      <line num="55" count="1" type="stmt"/>
      <line num="56" count="1" type="stmt"/>
      <line num="57" count="1" type="stmt"/>
      <line num="58" count="1" type="stmt"/>
      <line num="59" count="1" type="stmt"/>
      <line num="60" count="1" type="cond" truecount="1" falsecount="0"/>
      <line num="61" count="2" type="stmt"/>
      <line num="62" count="2" type="stmt"/>
      <line num="63" count="1" type="stmt"/>
      <line num="64" count="1" type="stmt"/>
      <line num="65" count="1" type="stmt"/>
    </file>
  </project>
</coverage>
