TN:
SF:src\services\auth.service.js
FN:6,registerUser
FN:34,loginUser
FN:52,getUserDetails
FN:60,generateToken
FNF:4
FNH:4
FNDA:4,registerUser
FNDA:3,loginUser
FNDA:2,getUserDetails
FNDA:2,generateToken
DA:1,1
DA:2,1
DA:3,1
DA:4,1
DA:5,1
DA:6,1
DA:7,4
DA:8,4
DA:9,1
DA:10,1
DA:11,3
DA:12,3
DA:13,3
DA:14,3
DA:15,3
DA:16,3
DA:17,3
DA:18,3
DA:19,1
DA:20,1
DA:21,4
DA:22,2
DA:23,2
DA:24,1
DA:25,1
DA:26,1
DA:27,4
DA:28,3
DA:29,3
DA:30,1
DA:31,1
DA:32,1
DA:33,1
DA:34,1
DA:35,3
DA:36,3
DA:37,3
DA:38,1
DA:39,1
DA:40,2
DA:41,2
DA:42,2
DA:43,2
DA:44,3
DA:45,1
DA:46,1
DA:47,1
DA:48,1
DA:49,1
DA:50,1
DA:51,1
DA:52,1
DA:53,2
DA:54,2
DA:55,1
DA:56,1
DA:57,1
DA:58,1
DA:59,1
DA:60,1
DA:61,2
DA:62,2
DA:63,1
DA:64,1
DA:65,1
LF:65
LH:65
BRDA:6,0,0,4
BRDA:8,1,0,1
BRDA:10,2,0,3
BRDA:18,3,0,1
BRDA:21,4,0,2
BRDA:23,5,0,1
BRDA:27,6,0,1
BRDA:27,7,0,3
BRDA:29,8,0,1
BRDA:34,9,0,3
BRDA:37,10,0,1
BRDA:39,11,0,2
BRDA:44,12,0,1
BRDA:52,13,0,2
BRDA:54,14,0,1
BRDA:60,15,0,2
BRF:16
BRH:16
end_of_record
